<?xml version="1.0" encoding="UTF-8"?>
<testsuite xmlns:xsi="http://www.w3.org/2001/XMLSchema-instance" xsi:noNamespaceSchemaLocation="https://maven.apache.org/surefire/maven-surefire-plugin/xsd/surefire-test-report-3.0.xsd" version="3.0" name="TestSuite" time="358.669" tests="46" errors="0" skipped="0" failures="3">
  <properties>
[...]
</properties>
  <testcase name="collectiblesAndArtTest" classname="eBaytests.HomeUtilitiesTests" time="1.288"/>
  <testcase name="electronicsUtilityTest" classname="eBaytests.HomeUtilitiesTests" time="1.369"/>
  <testcase name="fashionUtilityTest" classname="eBaytests.HomeUtilitiesTests" time="1.336"/>
  <testcase name="homeButtonTest" classname="eBaytests.HomeUtilitiesTests" time="0.172"/>
  <testcase name="motorsUtilTest" classname="eBaytests.HomeUtilitiesTests" time="1.263"/>
  <testcase name="savedUtilityTest" classname="eBaytests.HomeUtilitiesTests" time="4.045"/>
  <testcase name="businessAndIndustrialUtilityTest" classname="eBaytests.HomePageUtilitiesTests2" time="1.593"/>
  <testcase name="dealsUtilityTest" classname="eBaytests.HomePageUtilitiesTests2" time="2.115"/>
  <testcase name="homeAndGardenTest" classname="eBaytests.HomePageUtilitiesTests2" time="1.67"/>
  <testcase name="musicUtilityTest" classname="eBaytests.HomePageUtilitiesTests2" time="1.245"/>
  <testcase name="sportingGoodsTest" classname="eBaytests.HomePageUtilitiesTests2" time="1.752"/>
  <testcase name="toysUtilityTest" classname="eBaytests.HomePageUtilitiesTests2" time="1.628"/>
  <testcase name="under10utilityTest" classname="eBaytests.HomePageUtilitiesTests2" time="2.012"/>
  <testcase name="addItemToCartTest" classname="eBaytests.PurchseTest" time="10.352"/>
  <testcase name="purchaseAnItemTest" classname="eBaytests.PurchseTest" time="17.12">
    <failure message="element not interactable&#10;  (Session info: chrome=71.0.3578.98)&#10;  (Driver info: chromedriver=2.45.615355 (d5698f682d8b2742017df6c81e0bd8e6a3063189),platform=Mac OS X 10.14.1 x86_64) (WARNING: The server did not provide any stacktrace information)&#10;Command duration or timeout: 0 milliseconds&#10;Build info: version: &apos;3.141.59&apos;, revision: &apos;e82be7d358&apos;, time: &apos;2018-11-14T08:17:03&apos;&#10;System info: host: &apos;Joshuas-MacBook-Air.local&apos;, ip: &apos;fe80:0:0:0:e1:e168:1f47:646a%en0&apos;, os.name: &apos;Mac OS X&apos;, os.arch: &apos;x86_64&apos;, os.version: &apos;10.14.1&apos;, java.version: &apos;1.8.0_191&apos;&#10;Driver info: org.openqa.selenium.chrome.ChromeDriver&#10;Capabilities {acceptInsecureCerts: false, acceptSslCerts: false, applicationCacheEnabled: false, browserConnectionEnabled: false, browserName: chrome, chrome: {chromedriverVersion: 2.45.615355 (d5698f682d8b27..., userDataDir: /var/folders/y6/2p620w_j1d9...}, cssSelectorsEnabled: true, databaseEnabled: false, goog:chromeOptions: {debuggerAddress: localhost:60552}, handlesAlerts: true, hasTouchScreen: false, javascriptEnabled: true, locationContextEnabled: true, mobileEmulationEnabled: false, nativeEvents: true, networkConnectionEnabled: false, pageLoadStrategy: normal, platform: MAC, platformName: MAC, proxy: Proxy(), rotatable: false, setWindowRect: true, strictFileInteractability: false, takesHeapSnapshot: true, takesScreenshot: true, timeouts: {implicit: 0, pageLoad: 300000, script: 30000}, unexpectedAlertBehaviour: ignore, unhandledPromptBehavior: ignore, version: 71.0.3578.98, webStorageEnabled: true}&#10;Session ID: ae2adbd0ee9e22307fca10ad83035c15" type="org.openqa.selenium.ElementNotVisibleException">org.openqa.selenium.ElementNotVisibleException: 
element not interactable
  (Session info: chrome=71.0.3578.98)
  (Driver info: chromedriver=2.45.615355 (d5698f682d8b2742017df6c81e0bd8e6a3063189),platform=Mac OS X 10.14.1 x86_64) (WARNING: The server did not provide any stacktrace information)
Command duration or timeout: 0 milliseconds
Build info: version: '3.141.59', revision: 'e82be7d358', time: '2018-11-14T08:17:03'
System info: host: 'Joshuas-MacBook-Air.local', ip: 'fe80:0:0:0:e1:e168:1f47:646a%en0', os.name: 'Mac OS X', os.arch: 'x86_64', os.version: '10.14.1', java.version: '1.8.0_191'
Driver info: org.openqa.selenium.chrome.ChromeDriver
Capabilities {acceptInsecureCerts: false, acceptSslCerts: false, applicationCacheEnabled: false, browserConnectionEnabled: false, browserName: chrome, chrome: {chromedriverVersion: 2.45.615355 (d5698f682d8b27..., userDataDir: /var/folders/y6/2p620w_j1d9...}, cssSelectorsEnabled: true, databaseEnabled: false, goog:chromeOptions: {debuggerAddress: localhost:60552}, handlesAlerts: true, hasTouchScreen: false, javascriptEnabled: true, locationContextEnabled: true, mobileEmulationEnabled: false, nativeEvents: true, networkConnectionEnabled: false, pageLoadStrategy: normal, platform: MAC, platformName: MAC, proxy: Proxy(), rotatable: false, setWindowRect: true, strictFileInteractability: false, takesHeapSnapshot: true, takesScreenshot: true, timeouts: {implicit: 0, pageLoad: 300000, script: 30000}, unexpectedAlertBehaviour: ignore, unhandledPromptBehavior: ignore, version: 71.0.3578.98, webStorageEnabled: true}
Session ID: ae2adbd0ee9e22307fca10ad83035c15
	at eBaytests.PurchseTest.purchaseAnItemTest(PurchseTest.java:18)
</failure>
    <system-out><![CDATA[PurchseTest: purchase An Item
]]></system-out>
    <system-err><![CDATA[Starting ChromeDriver 2.45.615355 (d5698f682d8b2742017df6c81e0bd8e6a3063189) on port 13001
Only local connections are allowed.
Jan 13, 2019 6:02:31 PM org.openqa.selenium.remote.ProtocolHandshake createSession
INFO: Detected dialect: OSS
]]></system-err>
  </testcase>
  <testcase name="registerNewUserTest" classname="eBaytests.signInTest" time="2.217"/>
  <testcase name="signInTest" classname="eBaytests.signInTest" time="4.416"/>
  <testcase name="saveTheSearchOfSpecificItemTest" classname="eBaytests.SearchTests" time="15.776">
    <failure message="no such element: Unable to locate element: {&quot;method&quot;:&quot;css selector&quot;,&quot;selector&quot;:&quot;#userid&quot;}&#10;  (Session info: chrome=71.0.3578.98)&#10;  (Driver info: chromedriver=2.45.615355 (d5698f682d8b2742017df6c81e0bd8e6a3063189),platform=Mac OS X 10.14.1 x86_64) (WARNING: The server did not provide any stacktrace information)&#10;Command duration or timeout: 0 milliseconds&#10;For documentation on this error, please visit: https://www.seleniumhq.org/exceptions/no_such_element.html&#10;Build info: version: &apos;3.141.59&apos;, revision: &apos;e82be7d358&apos;, time: &apos;2018-11-14T08:17:03&apos;&#10;System info: host: &apos;Joshuas-MacBook-Air.local&apos;, ip: &apos;fe80:0:0:0:e1:e168:1f47:646a%en0&apos;, os.name: &apos;Mac OS X&apos;, os.arch: &apos;x86_64&apos;, os.version: &apos;10.14.1&apos;, java.version: &apos;1.8.0_191&apos;&#10;Driver info: org.openqa.selenium.chrome.ChromeDriver&#10;Capabilities {acceptInsecureCerts: false, acceptSslCerts: false, applicationCacheEnabled: false, browserConnectionEnabled: false, browserName: chrome, chrome: {chromedriverVersion: 2.45.615355 (d5698f682d8b27..., userDataDir: /var/folders/y6/2p620w_j1d9...}, cssSelectorsEnabled: true, databaseEnabled: false, goog:chromeOptions: {debuggerAddress: localhost:60806}, handlesAlerts: true, hasTouchScreen: false, javascriptEnabled: true, locationContextEnabled: true, mobileEmulationEnabled: false, nativeEvents: true, networkConnectionEnabled: false, pageLoadStrategy: normal, platform: MAC, platformName: MAC, proxy: Proxy(), rotatable: false, setWindowRect: true, strictFileInteractability: false, takesHeapSnapshot: true, takesScreenshot: true, timeouts: {implicit: 0, pageLoad: 300000, script: 30000}, unexpectedAlertBehaviour: ignore, unhandledPromptBehavior: ignore, version: 71.0.3578.98, webStorageEnabled: true}&#10;Session ID: aa33bd22997c4363998f0c98af388c08&#10;*** Element info: {Using=css selector, value=#userid}" type="org.openqa.selenium.NoSuchElementException">org.openqa.selenium.NoSuchElementException: 
no such element: Unable to locate element: {"method":"css selector","selector":"#userid"}
  (Session info: chrome=71.0.3578.98)
  (Driver info: chromedriver=2.45.615355 (d5698f682d8b2742017df6c81e0bd8e6a3063189),platform=Mac OS X 10.14.1 x86_64) (WARNING: The server did not provide any stacktrace information)
Command duration or timeout: 0 milliseconds
For documentation on this error, please visit: https://www.seleniumhq.org/exceptions/no_such_element.html
Build info: version: '3.141.59', revision: 'e82be7d358', time: '2018-11-14T08:17:03'
System info: host: 'Joshuas-MacBook-Air.local', ip: 'fe80:0:0:0:e1:e168:1f47:646a%en0', os.name: 'Mac OS X', os.arch: 'x86_64', os.version: '10.14.1', java.version: '1.8.0_191'
Driver info: org.openqa.selenium.chrome.ChromeDriver
Capabilities {acceptInsecureCerts: false, acceptSslCerts: false, applicationCacheEnabled: false, browserConnectionEnabled: false, browserName: chrome, chrome: {chromedriverVersion: 2.45.615355 (d5698f682d8b27..., userDataDir: /var/folders/y6/2p620w_j1d9...}, cssSelectorsEnabled: true, databaseEnabled: false, goog:chromeOptions: {debuggerAddress: localhost:60806}, handlesAlerts: true, hasTouchScreen: false, javascriptEnabled: true, locationContextEnabled: true, mobileEmulationEnabled: false, nativeEvents: true, networkConnectionEnabled: false, pageLoadStrategy: normal, platform: MAC, platformName: MAC, proxy: Proxy(), rotatable: false, setWindowRect: true, strictFileInteractability: false, takesHeapSnapshot: true, takesScreenshot: true, timeouts: {implicit: 0, pageLoad: 300000, script: 30000}, unexpectedAlertBehaviour: ignore, unhandledPromptBehavior: ignore, version: 71.0.3578.98, webStorageEnabled: true}
Session ID: aa33bd22997c4363998f0c98af388c08
*** Element info: {Using=css selector, value=#userid}
	at eBaytests.SearchTests.saveTheSearchOfSpecificItemTest(SearchTests.java:39)
</failure>
    <system-out><![CDATA[SearchTests: save The Search Of Specific Item
]]></system-out>
    <system-err><![CDATA[Starting ChromeDriver 2.45.615355 (d5698f682d8b2742017df6c81e0bd8e6a3063189) on port 4393
Only local connections are allowed.
Jan 13, 2019 6:03:04 PM org.openqa.selenium.remote.ProtocolHandshake createSession
INFO: Detected dialect: OSS
]]></system-err>
  </testcase>
  <testcase name="searchByUsingKeywordTest" classname="eBaytests.SearchTests" time="1.441"/>
  <testcase name="searchItemWithItemNumberTest" classname="eBaytests.SearchTests" time="1.85"/>
  <testcase name="searchbuttonTest" classname="eBaytests.SearchTests" time="2.279"/>
  <testcase name="usingSearchBarTest" classname="eBaytests.SearchTests" time="2.942"/>
  <testcase name="seeAllDailyDealsTest" classname="eBaytests.HomePageFeaturesTests" time="1.945"/>
  <testcase name="seeAllEditorPicksTest" classname="eBaytests.HomePageFeaturesTests" time="1.246"/>
  <testcase name="seeAllFeaturedSalesAndEventsTest" classname="eBaytests.HomePageFeaturesTests" time="1.662"/>
  <testcase name="seeAllTrendsFeatureTest" classname="eBaytests.HomePageFeaturesTests" time="2.18"/>
  <testcase name="trendingDealsArrowButtonsTest" classname="eBaytests.HomePageFeaturesTests" time="3.049"/>
  <testcase name="selectAntiquesFromDropDownTest" classname="eBaytests.AllCategoriesDropDownTest" time="3.025"/>
  <testcase name="selectArtFromDropDwonTest" classname="eBaytests.AllCategoriesDropDownTest" time="1.72"/>
  <testcase name="selectBabyFromDropDownTest" classname="eBaytests.AllCategoriesDropDownTest" time="2.017"/>
  <testcase name="selectBooksFromDropDownTest" classname="eBaytests.AllCategoriesDropDownTest" time="2.358"/>
  <testcase name="selectBusinessAndIndusrialFromDropDrownTest" classname="eBaytests.AllCategoriesDropDownTest" time="2.475"/>
  <testcase name="selectCamerasAndPhotoFromDropDownTest" classname="eBaytests.AllCategoriesDropDownTest" time="1.581"/>
  <testcase name="selectCellPhonesAndAccesoriesTest" classname="eBaytests.AllCategoriesDropDownTest" time="1.512"/>
  <testcase name="selectClothingShoesAndAccesoriesTest" classname="eBaytests.AllCategoriesDropDownTest" time="2.41"/>
  <testcase name="selectCollectiblesAndArtFromDropDownTest" classname="eBaytests.ShopByCategoriesTest" time="1.488"/>
  <testcase name="selectElectronicsFromDropDownTest" classname="eBaytests.ShopByCategoriesTest" time="1.668"/>
  <testcase name="selectEntertainmentMemorabiliaFromDropDownTest" classname="eBaytests.ShopByCategoriesTest" time="1.38"/>
  <testcase name="selectFashionFromDropDownTest" classname="eBaytests.ShopByCategoriesTest" time="1.503"/>
  <testcase name="selectHomeAndGardenFromDropDownTest" classname="eBaytests.ShopByCategoriesTest" time="2.65"/>
  <testcase name="selectMotorsFromDropDownTest" classname="eBaytests.ShopByCategoriesTest" time="1.495"/>
  <testcase name="selectOtherCategoriesFromDropDownTest" classname="eBaytests.ShopByCategoriesTest" time="1.189"/>
  <testcase name="selectSportingGoodsFromDropDownTest" classname="eBaytests.ShopByCategoriesTest" time="2.045"/>
  <testcase name="selectToysAndHobbiesFromDropDownTest" classname="eBaytests.ShopByCategoriesTest" time="2.28"/>
  <testcase name="listItemForSaleTest" classname="eBaytests.ListItemForSaleTest" time="12.033">
    <failure message="no such element: Unable to locate element: {&quot;method&quot;:&quot;xpath&quot;,&quot;selector&quot;:&quot;//em[contains (text(), &apos;Clothing, Shoes &amp; Accessories &gt; Men&apos;)]&quot;}&#10;  (Session info: chrome=71.0.3578.98)&#10;  (Driver info: chromedriver=2.45.615355 (d5698f682d8b2742017df6c81e0bd8e6a3063189),platform=Mac OS X 10.14.1 x86_64) (WARNING: The server did not provide any stacktrace information)&#10;Command duration or timeout: 0 milliseconds&#10;For documentation on this error, please visit: https://www.seleniumhq.org/exceptions/no_such_element.html&#10;Build info: version: &apos;3.141.59&apos;, revision: &apos;e82be7d358&apos;, time: &apos;2018-11-14T08:17:03&apos;&#10;System info: host: &apos;Joshuas-MacBook-Air.local&apos;, ip: &apos;fe80:0:0:0:e1:e168:1f47:646a%en0&apos;, os.name: &apos;Mac OS X&apos;, os.arch: &apos;x86_64&apos;, os.version: &apos;10.14.1&apos;, java.version: &apos;1.8.0_191&apos;&#10;Driver info: org.openqa.selenium.chrome.ChromeDriver&#10;Capabilities {acceptInsecureCerts: false, acceptSslCerts: false, applicationCacheEnabled: false, browserConnectionEnabled: false, browserName: chrome, chrome: {chromedriverVersion: 2.45.615355 (d5698f682d8b27..., userDataDir: /var/folders/y6/2p620w_j1d9...}, cssSelectorsEnabled: true, databaseEnabled: false, goog:chromeOptions: {debuggerAddress: localhost:62093}, handlesAlerts: true, hasTouchScreen: false, javascriptEnabled: true, locationContextEnabled: true, mobileEmulationEnabled: false, nativeEvents: true, networkConnectionEnabled: false, pageLoadStrategy: normal, platform: MAC, platformName: MAC, proxy: Proxy(), rotatable: false, setWindowRect: true, strictFileInteractability: false, takesHeapSnapshot: true, takesScreenshot: true, timeouts: {implicit: 0, pageLoad: 300000, script: 30000}, unexpectedAlertBehaviour: ignore, unhandledPromptBehavior: ignore, version: 71.0.3578.98, webStorageEnabled: true}&#10;Session ID: a43109bbdef6b3961c11b5db35b13952&#10;*** Element info: {Using=xpath, value=//em[contains (text(), &apos;Clothing, Shoes &amp; Accessories &gt; Men&apos;)]}" type="org.openqa.selenium.NoSuchElementException"><![CDATA[org.openqa.selenium.NoSuchElementException: 
no such element: Unable to locate element: {"method":"xpath","selector":"//em[contains (text(), 'Clothing, Shoes & Accessories > Men')]"}
  (Session info: chrome=71.0.3578.98)
  (Driver info: chromedriver=2.45.615355 (d5698f682d8b2742017df6c81e0bd8e6a3063189),platform=Mac OS X 10.14.1 x86_64) (WARNING: The server did not provide any stacktrace information)
Command duration or timeout: 0 milliseconds
For documentation on this error, please visit: https://www.seleniumhq.org/exceptions/no_such_element.html
Build info: version: '3.141.59', revision: 'e82be7d358', time: '2018-11-14T08:17:03'
System info: host: 'Joshuas-MacBook-Air.local', ip: 'fe80:0:0:0:e1:e168:1f47:646a%en0', os.name: 'Mac OS X', os.arch: 'x86_64', os.version: '10.14.1', java.version: '1.8.0_191'
Driver info: org.openqa.selenium.chrome.ChromeDriver
Capabilities {acceptInsecureCerts: false, acceptSslCerts: false, applicationCacheEnabled: false, browserConnectionEnabled: false, browserName: chrome, chrome: {chromedriverVersion: 2.45.615355 (d5698f682d8b27..., userDataDir: /var/folders/y6/2p620w_j1d9...}, cssSelectorsEnabled: true, databaseEnabled: false, goog:chromeOptions: {debuggerAddress: localhost:62093}, handlesAlerts: true, hasTouchScreen: false, javascriptEnabled: true, locationContextEnabled: true, mobileEmulationEnabled: false, nativeEvents: true, networkConnectionEnabled: false, pageLoadStrategy: normal, platform: MAC, platformName: MAC, proxy: Proxy(), rotatable: false, setWindowRect: true, strictFileInteractability: false, takesHeapSnapshot: true, takesScreenshot: true, timeouts: {implicit: 0, pageLoad: 300000, script: 30000}, unexpectedAlertBehaviour: ignore, unhandledPromptBehavior: ignore, version: 71.0.3578.98, webStorageEnabled: true}
Session ID: a43109bbdef6b3961c11b5db35b13952
*** Element info: {Using=xpath, value=//em[contains (text(), 'Clothing, Shoes & Accessories > Men')]}
	at eBaytests.ListItemForSaleTest.listItemForSaleTest(ListItemForSaleTest.java:18)
]]></failure>
    <system-out><![CDATA[ListItemForSaleTest: list Item For Sale
]]></system-out>
    <system-err><![CDATA[Starting ChromeDriver 2.45.615355 (d5698f682d8b2742017df6c81e0bd8e6a3063189) on port 18776
Only local connections are allowed.
Jan 13, 2019 6:05:40 PM org.openqa.selenium.remote.ProtocolHandshake createSession
INFO: Detected dialect: OSS
]]></system-err>
  </testcase>
  <testcase name="searchFromDbTest" classname="datadriven.DataBaseTest" time="13.659"/>
</testsuite>