<?xml version="1.0" encoding="UTF-8"?>
<!-- Generated by org.testng.reporters.JUnitXMLReporter -->
<testsuite hostname="Joshuas-Air.hsd1.fl.comcast.net" ignored="0" name="Ebay Test" tests="5" failures="5" timestamp="09 Jan 2019 18:35:25 GMT" time="16.458" errors="0">
  <testcase name="saveTheSearchOfSpecificItemTest" time="0.002" classname="ebayTests.SearchTests">
    <failure type="java.lang.NullPointerException">
      <![CDATA[java.lang.NullPointerException
at ebayUtil.Searches.saveTheSearchOfSpecificItem(Searches.java:42)
at ebayTests.SearchTests.saveTheSearchOfSpecificItemTest(SearchTests.java:33)
... Removed 29 stack frames]]>
    </failure>
  </testcase> <!-- saveTheSearchOfSpecificItemTest -->
  <testcase name="searchByUsingKeywordTest" time="0.001" classname="ebayTests.SearchTests">
    <failure type="java.lang.NullPointerException">
      <![CDATA[java.lang.NullPointerException
at ebayUtil.Searches.searchByUsingKeyword(Searches.java:30)
at ebayTests.SearchTests.searchByUsingKeywordTest(SearchTests.java:25)
... Removed 29 stack frames]]>
    </failure>
  </testcase> <!-- searchByUsingKeywordTest -->
  <testcase name="searchItemWithItemNumberTest" time="0.0" classname="ebayTests.SearchTests">
    <failure type="java.lang.NullPointerException">
      <![CDATA[java.lang.NullPointerException
at ebayUtil.Searches.searchItemWithItemNumber(Searches.java:36)
at ebayTests.SearchTests.searchItemWithItemNumberTest(SearchTests.java:29)
... Removed 29 stack frames]]>
    </failure>
  </testcase> <!-- searchItemWithItemNumberTest -->
  <testcase name="searchbuttonTest" time="0.0" classname="ebayTests.SearchTests">
    <failure type="java.lang.NullPointerException">
      <![CDATA[java.lang.NullPointerException
at ebayUtil.Searches.searchbutton(Searches.java:26)
at ebayTests.SearchTests.searchbuttonTest(SearchTests.java:21)
... Removed 29 stack frames]]>
    </failure>
  </testcase> <!-- searchbuttonTest -->
  <testcase name="usingSearchBarTest" time="0.01" classname="ebayTests.SearchTests">
    <failure type="java.lang.NullPointerException">
      <![CDATA[java.lang.NullPointerException
at ebayUtil.Searches.usingSearchbar(Searches.java:23)
at ebayTests.SearchTests.usingSearchBarTest(SearchTests.java:17)
... Removed 29 stack frames]]>
    </failure>
  </testcase> <!-- usingSearchBarTest -->
</testsuite> <!-- Ebay Test -->
