<?xml version="1.0" encoding="UTF-8"?>
<!-- Generated by org.testng.reporters.JUnitXMLReporter -->
<testsuite hostname="Joshuas-MacBook-Air.local" ignored="0" name="Ebay Test" tests="15" failures="0" timestamp="09 Jan 2019 04:44:51 GMT" time="82.846" errors="0">
  <testcase name="businessAndIndustrialUtilityTest" time="1.505" classname="ebayTests.HomeUtilitiesTests"/>
  <testcase name="collectiblesAndArtTest" time="1.172" classname="ebayTests.HomeUtilitiesTests"/>
  <testcase name="dealsUtilityTest" time="2.133" classname="ebayTests.HomeUtilitiesTests"/>
  <testcase name="electronicsUtilityTest" time="1.127" classname="ebayTests.HomeUtilitiesTests"/>
  <testcase name="fashionUtilityTest" time="1.099" classname="ebayTests.HomeUtilitiesTests"/>
  <testcase name="homeAndGardenTest" time="6.771" classname="ebayTests.HomeUtilitiesTests"/>
  <testcase name="homeButtonTest" time="0.302" classname="ebayTests.HomeUtilitiesTests"/>
  <testcase name="motorsUtilTest" time="1.411" classname="ebayTests.HomeUtilitiesTests"/>
  <testcase name="musicUtilityTest" time="1.112" classname="ebayTests.HomeUtilitiesTests"/>
  <testcase name="savedUtilityTest" time="1.685" classname="ebayTests.HomeUtilitiesTests"/>
  <testcase name="searchbuttonTest" time="1.466" classname="ebayTests.HomeUtilitiesTests"/>
  <testcase name="sportingGoodsTest" time="1.814" classname="ebayTests.HomeUtilitiesTests"/>
  <testcase name="toysUtilityTest" time="6.743" classname="ebayTests.HomeUtilitiesTests"/>
  <testcase name="under10utilityTest" time="1.433" classname="ebayTests.HomeUtilitiesTests"/>
  <testcase name="usingSearchBarTest" time="8.73" classname="ebayTests.HomeUtilitiesTests"/>
</testsuite> <!-- Ebay Test -->
